#
# A fatal error has been detected by the Java Runtime Environment:
#
#  EXCEPTION_ACCESS_VIOLATION (0xc0000005) at pc=0x00007ffe6bd2b309, pid=28828, tid=30408
#
# JRE version: OpenJDK Runtime Environment Temurin-21.0.6+7 (21.0.6+7) (build 21.0.6+7-LTS)
# Java VM: OpenJDK 64-Bit Server VM Temurin-21.0.6+7 (21.0.6+7-LTS, mixed mode, sharing, tiered, compressed oops, compressed class ptrs, g1 gc, windows-amd64)
# Problematic frame:
# C  [awt.dll+0xdb309]
#
# No core dump will be written. Minidumps are not enabled by default on client versions of Windows
#
# If you would like to submit a bug report, please visit:
#   https://github.com/adoptium/adoptium-support/issues
# The crash happened outside the Java Virtual Machine in native code.
# See problematic frame for where to report the bug.
#

---------------  S U M M A R Y ------------

Command Line: -ea -agentlib:jdwp=transport=dt_shmem,address=javadebug -Dfile.encoding=UTF-8 bluej.runtime.ExecServer UTF-8

Host: 11th Gen Intel(R) Core(TM) i7-1165G7 @ 2.80GHz, 8 cores, 15G,  Windows 11 , 64 bit Build 26100 (10.0.26100.4768)
Time: Tue Sep  9 11:13:35 2025 Pacific Daylight Time elapsed time: 9655.192265 seconds (0d 2h 40m 55s)

---------------  T H R E A D  ---------------

Current thread (0x0000016e56bdb050):  JavaThread "AWT-EventQueue-0"        [_thread_in_native, id=30408, stack(0x0000002f75e00000,0x0000002f75f00000) (1024K)]

Stack: [0x0000002f75e00000,0x0000002f75f00000],  sp=0x0000002f75efe7f0,  free space=1017k
Native frames: (J=compiled Java code, j=interpreted, Vv=VM code, C=native code)
C  [awt.dll+0xdb309]

Java frames: (J=compiled Java code, j=interpreted, Vv=VM code)
j  sun.awt.Win32GraphicsConfig.getBounds(I)Ljava/awt/Rectangle;+0 java.desktop@21.0.6
j  sun.awt.Win32GraphicsConfig.getBounds()Ljava/awt/Rectangle;+8 java.desktop@21.0.6
j  sun.awt.Win32GraphicsDevice.displayChanged()V+23 java.desktop@21.0.6
j  sun.awt.Win32GraphicsEnvironment.displayChanged()V+271 java.desktop@21.0.6
j  sun.awt.windows.WToolkit.lambda$displayChanged$4()V+15 java.desktop@21.0.6
j  sun.awt.windows.WToolkit$$Lambda+0x0000016e5806f0f8.run()V+0 java.desktop@21.0.6
j  java.awt.event.InvocationEvent.dispatch()V+47 java.desktop@21.0.6
j  java.awt.EventQueue.dispatchEventImpl(Ljava/awt/AWTEvent;Ljava/lang/Object;)V+21 java.desktop@21.0.6
j  java.awt.EventQueue$4.run()Ljava/lang/Void;+32 java.desktop@21.0.6
j  java.awt.EventQueue$4.run()Ljava/lang/Object;+1 java.desktop@21.0.6
j  java.security.AccessController.executePrivileged(Ljava/security/PrivilegedAction;Ljava/security/AccessControlContext;Ljava/lang/Class;)Ljava/lang/Object;+29 java.base@21.0.6
j  java.security.AccessController.doPrivileged(Ljava/security/PrivilegedAction;Ljava/security/AccessControlContext;)Ljava/lang/Object;+13 java.base@21.0.6
j  java.security.ProtectionDomain$JavaSecurityAccessImpl.doIntersectionPrivilege(Ljava/security/PrivilegedAction;Ljava/security/AccessControlContext;Ljava/security/AccessControlContext;)Ljava/lang/Object;+18 java.base@21.0.6
j  java.awt.EventQueue.dispatchEvent(Ljava/awt/AWTEvent;)V+46 java.desktop@21.0.6
j  java.awt.EventDispatchThread.pumpOneEventForFilters(I)V+81 java.desktop@21.0.6
j  java.awt.EventDispatchThread.pumpEventsForFilter(ILjava/awt/Conditional;Ljava/awt/EventFilter;)V+35 java.desktop@21.0.6
j  java.awt.EventDispatchThread.pumpEventsForHierarchy(ILjava/awt/Conditional;Ljava/awt/Component;)V+11 java.desktop@21.0.6
j  java.awt.EventDispatchThread.pumpEvents(ILjava/awt/Conditional;)V+4 java.desktop@21.0.6
j  java.awt.EventDispatchThread.pumpEvents(Ljava/awt/Conditional;)V+3 java.desktop@21.0.6
j  java.awt.EventDispatchThread.run()V+9 java.desktop@21.0.6
v  ~StubRoutines::call_stub 0x0000016e46c310e7

siginfo: EXCEPTION_ACCESS_VIOLATION (0xc0000005), reading address 0x0000000000000028


Registers:
RAX=0x0000000000000000, RBX=0x0000016e56d017a0, RCX=0x0000000000000000, RDX=0x0000000000000000
RSP=0x0000002f75efe7f0, RBP=0x0000000000000000, RSI=0x0000000000000000, RDI=0x0000000000000000
R8 =0x0000000000000001, R9 =0x0000002f73b55000, R10=0x0000016e56be3310, R11=0x0000016e98253818
R12=0x0000000000000000, R13=0x0000016e56f38010, R14=0x0000016e5651bab0, R15=0x0000000000000000
RIP=0x00007ffe6bd2b309, EFLAGS=0x0000000000010246

XMM[0]=0x0000000000000000 0x0000000000000000
XMM[1]=0x0000000000000000 0x0000002f75efe8c0
XMM[2]=0x0000000000000000 0x0000000000000000
XMM[3]=0x0000000000000000 0x0000000000000000
XMM[4]=0x0000000000000000 0x0000000000000000
XMM[5]=0x0000016e56bdb050 0x0000000000000001
XMM[6]=0x0000000000000000 0x0000000000000000
XMM[7]=0x0000000000000000 0x0000000000000000
XMM[8]=0x0000000000000000 0x0000000000000000
XMM[9]=0x0000000000000000 0x0000000000000000
XMM[10]=0x0000000000000000 0x0000000000000000
XMM[11]=0x0000000000000000 0x0000000000000000
XMM[12]=0x0000000000000000 0x0000000000000000
XMM[13]=0x0000000000000000 0x0000000000000000
XMM[14]=0x0000000000000000 0x0000000000000000
XMM[15]=0x0000000000000000 0x0000000000000000
  MXCSR=0x00001fa0


Register to memory mapping:

RAX=0x0 is null
RBX=0x0000016e56d017a0 points into unknown readable memory: 0x0000016e56d135d0 | d0 35 d1 56 6e 01 00 00
RCX=0x0 is null
RDX=0x0 is null
RSP=0x0000002f75efe7f0 is pointing into the stack for thread: 0x0000016e56bdb050
RBP=0x0 is null
RSI=0x0 is null
RDI=0x0 is null
R8 =0x0000000000000001 is an unknown value
R9 =0x0000002f73b55000 points into unknown readable memory: 0x0000000000000000 | 00 00 00 00 00 00 00 00
R10=0x0000016e56be3310 points into unknown readable memory: 0x0000001e00000003 | 03 00 00 00 1e 00 00 00
R11={method} {0x0000016e98253820} '<init>' '(IIII)V' in 'java/awt/Rectangle'
R12=0x0 is null
R13=0x0000016e56f38010 points into unknown readable memory: 0x0000016e98253818 | 18 38 25 98 6e 01 00 00
R14=0x0000016e5651bab0 points into unknown readable memory: 0x000000071371cd88 | 88 cd 71 13 07 00 00 00
R15=0x0 is null

Top of Stack: (sp=0x0000002f75efe7f0)
0x0000002f75efe7f0:   00007ffe6bd8a848 0000016e56d017a0
0x0000002f75efe800:   0000016e56bdb408 0000016e56d017a0
0x0000002f75efe810:   0000016e56bdb408 00007ffe6bd2a698
0x0000002f75efe820:   0000016e56d017a0 0000016e56d017a0
0x0000002f75efe830:   0000000000000120 0000016e56bdb408
0x0000002f75efe840:   000000071371abb8 0000016e98242428
0x0000002f75efe850:   0000000000000000 0000002f75efe870
0x0000002f75efe860:   0000000000000000 0000000000000000
0x0000002f75efe870:   0000eb26fe2ed42f 000000071371b560
0x0000002f75efe880:   0000016e56bdb050 0000002f75efe968
0x0000002f75efe890:   0000016e9824f4d0 0000000000000000
0x0000002f75efe8a0:   000000000000068b 0000000000000120
0x0000002f75efe8b0:   0000002f75efe940 0000016e46c408b6
0x0000002f75efe8c0:   0000002f75efe8d8 0000016e9824f4d0
0x0000002f75efe8d0:   0000016e46c391b4 0000000000000000
0x0000002f75efe8e0:   000000071371b560 000000071371d320
0x0000002f75efe8f0:   000000071371d320 0000002f75efe8f8
0x0000002f75efe900:   0000000000000000 0000000000000005
0x0000002f75efe910:   0000016e982518e8 0000000000000000
0x0000002f75efe920:   000000071371c9c0 0000016e9824f4d0
0x0000002f75efe930:   0000000000000000 0000002f75efe960
0x0000002f75efe940:   0000002f75efe9b8 0000016e46c396b9
0x0000002f75efe950:   0000000000000000 0000016e46c3c6fa
0x0000002f75efe960:   0000000000000000 000000071371d320
0x0000002f75efe970:   0000002f75efe970 0000016e9824f578
0x0000002f75efe980:   0000000000000002 0000016e982518e8
0x0000002f75efe990:   0000000000000000 000000071371c9c0
0x0000002f75efe9a0:   0000016e9824f590 0000002f75efe960
0x0000002f75efe9b0:   0000002f75efe9c8 0000002f75efea18
0x0000002f75efe9c0:   0000016e46c396b9 000000071371d320
0x0000002f75efe9d0:   0000002f75efe9d0 0000016e9824227f
0x0000002f75efe9e0:   0000000000000003 0000016e98243398 

Instructions: (pc=0x00007ffe6bd2b309)
0x00007ffe6bd2b209:   cc cc cc cc cc cc cc 48 89 5c 24 08 48 89 6c 24
0x00007ffe6bd2b219:   10 48 89 74 24 18 57 48 83 ec 20 41 8b f8 0f b6
0x00007ffe6bd2b229:   f2 48 8b e9 e8 1e cb f4 ff 48 8b d8 48 89 44 24
0x00007ffe6bd2b239:   48 41 b8 01 00 00 00 8b d7 48 8b c8 e8 76 ca f4
0x00007ffe6bd2b249:   ff 48 8b c8 44 0f b6 c6 48 8b d5 e8 97 fa ff ff
0x00007ffe6bd2b259:   48 8b f8 48 8b cb e8 ac cc f4 ff 90 48 8b c7 48
0x00007ffe6bd2b269:   8b 5c 24 30 48 8b 6c 24 38 48 8b 74 24 40 48 83
0x00007ffe6bd2b279:   c4 20 5f c3 cc cc cc 48 8b 49 28 e9 37 07 00 00
0x00007ffe6bd2b289:   cc cc cc cc cc cc cc 48 89 5c 24 08 57 48 83 ec
0x00007ffe6bd2b299:   20 8b f9 e8 af ca f4 ff 48 8b d8 48 89 44 24 38
0x00007ffe6bd2b2a9:   41 b8 01 00 00 00 8b d7 48 8b c8 e8 07 ca f4 ff
0x00007ffe6bd2b2b9:   48 8b 08 8b 39 48 8b cb e8 4a cc f4 ff 90 8b c7
0x00007ffe6bd2b2c9:   48 8b 5c 24 30 48 83 c4 20 5f c3 cc cc cc cc cc
0x00007ffe6bd2b2d9:   cc cc cc cc cc cc cc 48 89 5c 24 08 57 48 83 ec
0x00007ffe6bd2b2e9:   20 8b f9 e8 5f ca f4 ff 48 8b d8 48 89 44 24 38
0x00007ffe6bd2b2f9:   41 b8 01 00 00 00 8b d7 48 8b c8 e8 b7 c9 f4 ff
0x00007ffe6bd2b309:   48 8b 78 28 48 8b cb e8 fb cb f4 ff 90 48 8b c7
0x00007ffe6bd2b319:   48 8b 5c 24 30 48 83 c4 20 5f c3 cc cc cc cc cc
0x00007ffe6bd2b329:   cc cc cc cc cc cc cc 48 89 5c 24 08 57 48 83 ec
0x00007ffe6bd2b339:   20 8b f9 e8 0f ca f4 ff 48 8b d8 48 89 44 24 38
0x00007ffe6bd2b349:   41 b8 01 00 00 00 8b d7 48 8b c8 e8 67 c9 f4 ff
0x00007ffe6bd2b359:   48 8b 78 30 48 8b cb e8 ab cb f4 ff 90 48 8b c7
0x00007ffe6bd2b369:   48 8b 5c 24 30 48 83 c4 20 5f c3 cc cc cc cc cc
0x00007ffe6bd2b379:   cc cc cc cc cc cc cc 48 89 5c 24 08 57 48 83 ec
0x00007ffe6bd2b389:   20 8b f9 e8 bf c9 f4 ff 48 8b d8 48 89 44 24 38
0x00007ffe6bd2b399:   41 b8 01 00 00 00 8b d7 48 8b c8 e8 17 c9 f4 ff
0x00007ffe6bd2b3a9:   48 8b 78 08 48 85 ff 74 07 48 8b bf 08 0c 00 00
0x00007ffe6bd2b3b9:   48 8b cb e8 4f cb f4 ff 90 48 8b c7 48 8b 5c 24
0x00007ffe6bd2b3c9:   30 48 83 c4 20 5f c3 f3 0f 10 41 48 c3 cc cc cc
0x00007ffe6bd2b3d9:   cc cc cc cc cc cc cc f3 0f 10 41 4c c3 cc cc cc
0x00007ffe6bd2b3e9:   cc cc cc cc cc cc cc 48 89 5c 24 10 48 89 6c 24
0x00007ffe6bd2b3f9:   18 48 89 74 24 20 57 48 81 ec 20 01 00 00 48 8b 


Stack slot to memory mapping:

stack at sp + 0 slots: 0x00007ffe6bd8a848 awt.dll
stack at sp + 1 slots: 0x0000016e56d017a0 points into unknown readable memory: 0x0000016e56d135d0 | d0 35 d1 56 6e 01 00 00
stack at sp + 2 slots: 0x0000016e56bdb408 points into unknown readable memory: 0x00007ffe612eb7b0 | b0 b7 2e 61 fe 7f 00 00
stack at sp + 3 slots: 0x0000016e56d017a0 points into unknown readable memory: 0x0000016e56d135d0 | d0 35 d1 56 6e 01 00 00
stack at sp + 4 slots: 0x0000016e56bdb408 points into unknown readable memory: 0x00007ffe612eb7b0 | b0 b7 2e 61 fe 7f 00 00
stack at sp + 5 slots: 0x00007ffe6bd2a698 awt.dll
stack at sp + 6 slots: 0x0000016e56d017a0 points into unknown readable memory: 0x0000016e56d135d0 | d0 35 d1 56 6e 01 00 00
stack at sp + 7 slots: 0x0000016e56d017a0 points into unknown readable memory: 0x0000016e56d135d0 | d0 35 d1 56 6e 01 00 00


---------------  P R O C E S S  ---------------

Threads class SMR info:
_java_thread_list=0x0000016e35553820, length=20, elements={
0x0000016e564fb920, 0x0000016e564fe2a0, 0x0000016e565027c0, 0x0000016e56503410,
0x0000016e56506b90, 0x0000016e5650a310, 0x0000016e5650d0a0, 0x0000016e56516860,
0x0000016e56cdd560, 0x0000016e56ce08b0, 0x0000016e56ce0f30, 0x0000016e56cfa490,
0x0000016e56ce1d80, 0x0000016e9c1b1140, 0x0000016e9c198ca0, 0x0000016e9c1bcfe0,
0x0000016e355741b0, 0x0000016e9c1a0780, 0x0000016e56be3e20, 0x0000016e56bdb050
}

Java Threads: ( => current thread )
  0x0000016e564fb920 JavaThread "Reference Handler"          daemon [_thread_blocked, id=1332, stack(0x0000002f74800000,0x0000002f74900000) (1024K)]
  0x0000016e564fe2a0 JavaThread "Finalizer"                  daemon [_thread_blocked, id=24744, stack(0x0000002f74900000,0x0000002f74a00000) (1024K)]
  0x0000016e565027c0 JavaThread "Signal Dispatcher"          daemon [_thread_blocked, id=20272, stack(0x0000002f74a00000,0x0000002f74b00000) (1024K)]
  0x0000016e56503410 JavaThread "Attach Listener"            daemon [_thread_blocked, id=26184, stack(0x0000002f74b00000,0x0000002f74c00000) (1024K)]
  0x0000016e56506b90 JavaThread "Service Thread"             daemon [_thread_blocked, id=27552, stack(0x0000002f74c00000,0x0000002f74d00000) (1024K)]
  0x0000016e5650a310 JavaThread "Monitor Deflation Thread"   daemon [_thread_blocked, id=32224, stack(0x0000002f74d00000,0x0000002f74e00000) (1024K)]
  0x0000016e5650d0a0 JavaThread "C2 CompilerThread0"         daemon [_thread_blocked, id=22448, stack(0x0000002f74e00000,0x0000002f74f00000) (1024K)]
  0x0000016e56516860 JavaThread "C1 CompilerThread0"         daemon [_thread_blocked, id=18564, stack(0x0000002f74f00000,0x0000002f75000000) (1024K)]
  0x0000016e56cdd560 JavaThread "JDWP Transport Listener: dt_shmem" daemon [_thread_blocked, id=25584, stack(0x0000002f75000000,0x0000002f75100000) (1024K)]
  0x0000016e56ce08b0 JavaThread "JDWP Event Helper Thread"   daemon [_thread_blocked, id=31492, stack(0x0000002f75100000,0x0000002f75200000) (1024K)]
  0x0000016e56ce0f30 JavaThread "JDWP Command Reader"        daemon [_thread_in_native, id=15504, stack(0x0000002f75200000,0x0000002f75300000) (1024K)]
  0x0000016e56cfa490 JavaThread "Notification Thread"        daemon [_thread_blocked, id=19192, stack(0x0000002f75300000,0x0000002f75400000) (1024K)]
  0x0000016e56ce1d80 JavaThread "Common-Cleaner"             daemon [_thread_blocked, id=30456, stack(0x0000002f75400000,0x0000002f75500000) (1024K)]
  0x0000016e9c1b1140 JavaThread "Java2D Disposer"            daemon [_thread_blocked, id=17856, stack(0x0000002f75600000,0x0000002f75700000) (1024K)]
  0x0000016e9c198ca0 JavaThread "AWT-Windows"                daemon [_thread_in_native, id=1412, stack(0x0000002f75800000,0x0000002f75900000) (1024K)]
  0x0000016e9c1bcfe0 JavaThread "BlueJ worker thread"               [_thread_blocked, id=32932, stack(0x0000002f75a00000,0x0000002f75b00000) (1024K)]
  0x0000016e355741b0 JavaThread "DestroyJavaVM"                     [_thread_blocked, id=22888, stack(0x0000002f74000000,0x0000002f74100000) (1024K)]
  0x0000016e9c1a0780 JavaThread "main"                              [_thread_blocked, id=29596, stack(0x0000002f73d00000,0x0000002f73e00000) (1024K)]
  0x0000016e56be3e20 JavaThread "AWT-Shutdown"                      [_thread_blocked, id=4184, stack(0x0000002f73e00000,0x0000002f73f00000) (1024K)]
=>0x0000016e56bdb050 JavaThread "AWT-EventQueue-0"                  [_thread_in_native, id=30408, stack(0x0000002f75e00000,0x0000002f75f00000) (1024K)]
Total: 20

Other Threads:
  0x0000016e564def30 VMThread "VM Thread"                           [id=32828, stack(0x0000002f74700000,0x0000002f74800000) (1024K)]
  0x0000016e564ccea0 WatcherThread "VM Periodic Task Thread"        [id=18708, stack(0x0000002f74600000,0x0000002f74700000) (1024K)]
  0x0000016e35773790 WorkerThread "GC Thread#0"                     [id=28328, stack(0x0000002f74100000,0x0000002f74200000) (1024K)]
  0x0000016e56f8c1e0 WorkerThread "GC Thread#1"                     [id=27580, stack(0x0000002f73f00000,0x0000002f74000000) (1024K)]
  0x0000016e56f37660 WorkerThread "GC Thread#2"                     [id=28732, stack(0x0000002f75500000,0x0000002f75600000) (1024K)]
  0x0000016e56f37a00 WorkerThread "GC Thread#3"                     [id=8804, stack(0x0000002f75700000,0x0000002f75800000) (1024K)]
  0x0000016e56f5ff10 WorkerThread "GC Thread#4"                     [id=30812, stack(0x0000002f75900000,0x0000002f75a00000) (1024K)]
  0x0000016e56f606c0 WorkerThread "GC Thread#5"                     [id=20796, stack(0x0000002f75b00000,0x0000002f75c00000) (1024K)]
  0x0000016e56f60a60 WorkerThread "GC Thread#6"                     [id=32544, stack(0x0000002f75c00000,0x0000002f75d00000) (1024K)]
  0x0000016e56f62e10 WorkerThread "GC Thread#7"                     [id=27860, stack(0x0000002f75d00000,0x0000002f75e00000) (1024K)]
  0x0000016e35786250 ConcurrentGCThread "G1 Main Marker"            [id=26236, stack(0x0000002f74200000,0x0000002f74300000) (1024K)]
  0x0000016e357874f0 WorkerThread "G1 Conc#0"                       [id=11404, stack(0x0000002f74300000,0x0000002f74400000) (1024K)]
  0x0000016e5639e050 ConcurrentGCThread "G1 Refine#0"               [id=26424, stack(0x0000002f74400000,0x0000002f74500000) (1024K)]
  0x0000016e5639f880 ConcurrentGCThread "G1 Service"                [id=23316, stack(0x0000002f74500000,0x0000002f74600000) (1024K)]
Total: 14

Threads with active compile tasks:
Total: 0

VM state: not at safepoint (normal execution)

VM Mutex/Monitor currently owned by a thread: None

Heap address: 0x0000000703a00000, size: 4038 MB, Compressed Oops mode: Zero based, Oop shift amount: 3

CDS archive(s) mapped at: [0x0000016e57000000-0x0000016e57c80000-0x0000016e57c80000), size 13107200, SharedBaseAddress: 0x0000016e57000000, ArchiveRelocationMode: 1.
Compressed class space mapped at: 0x0000016e58000000-0x0000016e98000000, reserved size: 1073741824
Narrow klass base: 0x0000016e57000000, Narrow klass shift: 0, Narrow klass range: 0x100000000

GC Precious Log:
 CardTable entry size: 512
 Card Set container configuration: InlinePtr #cards 4 size 8 Array Of Cards #cards 16 size 48 Howl #buckets 8 coarsen threshold 3686 Howl Bitmap #cards 512 size 80 coarsen threshold 460 Card regions per heap region 1 cards per card region 4096
 CPUs: 8 total, 8 available
 Memory: 16147M
 Large Page Support: Disabled
 NUMA Support: Disabled
 Compressed Oops: Enabled (Zero based)
 Heap Region Size: 2M
 Heap Min Capacity: 8M
 Heap Initial Capacity: 254M
 Heap Max Capacity: 4038M
 Pre-touch: Disabled
 Parallel Workers: 8
 Concurrent Workers: 2
 Concurrent Refinement Workers: 8
 Periodic GC: Disabled

Heap:
 garbage-first heap   total 260096K, used 2184K [0x0000000703a00000, 0x0000000800000000)
  region size 2048K, 3 young (6144K), 2 survivors (4096K)
 Metaspace       used 2763K, committed 2880K, reserved 1114112K
  class space    used 254K, committed 320K, reserved 1048576K

Heap Regions: E=young(eden), S=young(survivor), O=old, HS=humongous(starts), HC=humongous(continues), CS=collection set, F=free, TAMS=top-at-mark-start, PB=parsable bottom
|   0|0x0000000703a00000, 0x0000000703a00000, 0x0000000703c00000|  0%| F|  |TAMS 0x0000000703a00000| PB 0x0000000703a00000| Untracked 
|   1|0x0000000703c00000, 0x0000000703c00000, 0x0000000703e00000|  0%| F|  |TAMS 0x0000000703c00000| PB 0x0000000703c00000| Untracked 
|   2|0x0000000703e00000, 0x0000000703e00000, 0x0000000704000000|  0%| F|  |TAMS 0x0000000703e00000| PB 0x0000000703e00000| Untracked 
|   3|0x0000000704000000, 0x0000000704000000, 0x0000000704200000|  0%| F|  |TAMS 0x0000000704000000| PB 0x0000000704000000| Untracked 
|   4|0x0000000704200000, 0x0000000704200000, 0x0000000704400000|  0%| F|  |TAMS 0x0000000704200000| PB 0x0000000704200000| Untracked 
|   5|0x0000000704400000, 0x0000000704400000, 0x0000000704600000|  0%| F|  |TAMS 0x0000000704400000| PB 0x0000000704400000| Untracked 
|   6|0x0000000704600000, 0x0000000704600000, 0x0000000704800000|  0%| F|  |TAMS 0x0000000704600000| PB 0x0000000704600000| Untracked 
|   7|0x0000000704800000, 0x0000000704800000, 0x0000000704a00000|  0%| F|  |TAMS 0x0000000704800000| PB 0x0000000704800000| Untracked 
|   8|0x0000000704a00000, 0x0000000704a00000, 0x0000000704c00000|  0%| F|  |TAMS 0x0000000704a00000| PB 0x0000000704a00000| Untracked 
|   9|0x0000000704c00000, 0x0000000704c00000, 0x0000000704e00000|  0%| F|  |TAMS 0x0000000704c00000| PB 0x0000000704c00000| Untracked 
|  10|0x0000000704e00000, 0x0000000704e00000, 0x0000000705000000|  0%| F|  |TAMS 0x0000000704e00000| PB 0x0000000704e00000| Untracked 
|  11|0x0000000705000000, 0x0000000705000000, 0x0000000705200000|  0%| F|  |TAMS 0x0000000705000000| PB 0x0000000705000000| Untracked 
|  12|0x0000000705200000, 0x0000000705200000, 0x0000000705400000|  0%| F|  |TAMS 0x0000000705200000| PB 0x0000000705200000| Untracked 
|  13|0x0000000705400000, 0x0000000705400000, 0x0000000705600000|  0%| F|  |TAMS 0x0000000705400000| PB 0x0000000705400000| Untracked 
|  14|0x0000000705600000, 0x0000000705600000, 0x0000000705800000|  0%| F|  |TAMS 0x0000000705600000| PB 0x0000000705600000| Untracked 
|  15|0x0000000705800000, 0x0000000705800000, 0x0000000705a00000|  0%| F|  |TAMS 0x0000000705800000| PB 0x0000000705800000| Untracked 
|  16|0x0000000705a00000, 0x0000000705a00000, 0x0000000705c00000|  0%| F|  |TAMS 0x0000000705a00000| PB 0x0000000705a00000| Untracked 
|  17|0x0000000705c00000, 0x0000000705c00000, 0x0000000705e00000|  0%| F|  |TAMS 0x0000000705c00000| PB 0x0000000705c00000| Untracked 
|  18|0x0000000705e00000, 0x0000000705e00000, 0x0000000706000000|  0%| F|  |TAMS 0x0000000705e00000| PB 0x0000000705e00000| Untracked 
|  19|0x0000000706000000, 0x0000000706000000, 0x0000000706200000|  0%| F|  |TAMS 0x0000000706000000| PB 0x0000000706000000| Untracked 
|  20|0x0000000706200000, 0x0000000706200000, 0x0000000706400000|  0%| F|  |TAMS 0x0000000706200000| PB 0x0000000706200000| Untracked 
|  21|0x0000000706400000, 0x0000000706400000, 0x0000000706600000|  0%| F|  |TAMS 0x0000000706400000| PB 0x0000000706400000| Untracked 
|  22|0x0000000706600000, 0x0000000706600000, 0x0000000706800000|  0%| F|  |TAMS 0x0000000706600000| PB 0x0000000706600000| Untracked 
|  23|0x0000000706800000, 0x0000000706800000, 0x0000000706a00000|  0%| F|  |TAMS 0x0000000706800000| PB 0x0000000706800000| Untracked 
|  24|0x0000000706a00000, 0x0000000706a00000, 0x0000000706c00000|  0%| F|  |TAMS 0x0000000706a00000| PB 0x0000000706a00000| Untracked 
|  25|0x0000000706c00000, 0x0000000706c00000, 0x0000000706e00000|  0%| F|  |TAMS 0x0000000706c00000| PB 0x0000000706c00000| Untracked 
|  26|0x0000000706e00000, 0x0000000706e00000, 0x0000000707000000|  0%| F|  |TAMS 0x0000000706e00000| PB 0x0000000706e00000| Untracked 
|  27|0x0000000707000000, 0x0000000707000000, 0x0000000707200000|  0%| F|  |TAMS 0x0000000707000000| PB 0x0000000707000000| Untracked 
|  28|0x0000000707200000, 0x0000000707200000, 0x0000000707400000|  0%| F|  |TAMS 0x0000000707200000| PB 0x0000000707200000| Untracked 
|  29|0x0000000707400000, 0x0000000707400000, 0x0000000707600000|  0%| F|  |TAMS 0x0000000707400000| PB 0x0000000707400000| Untracked 
|  30|0x0000000707600000, 0x0000000707600000, 0x0000000707800000|  0%| F|  |TAMS 0x0000000707600000| PB 0x0000000707600000| Untracked 
|  31|0x0000000707800000, 0x0000000707800000, 0x0000000707a00000|  0%| F|  |TAMS 0x0000000707800000| PB 0x0000000707800000| Untracked 
|  32|0x0000000707a00000, 0x0000000707a00000, 0x0000000707c00000|  0%| F|  |TAMS 0x0000000707a00000| PB 0x0000000707a00000| Untracked 
|  33|0x0000000707c00000, 0x0000000707c00000, 0x0000000707e00000|  0%| F|  |TAMS 0x0000000707c00000| PB 0x0000000707c00000| Untracked 
|  34|0x0000000707e00000, 0x0000000707e00000, 0x0000000708000000|  0%| F|  |TAMS 0x0000000707e00000| PB 0x0000000707e00000| Untracked 
|  35|0x0000000708000000, 0x0000000708000000, 0x0000000708200000|  0%| F|  |TAMS 0x0000000708000000| PB 0x0000000708000000| Untracked 
|  36|0x0000000708200000, 0x0000000708200000, 0x0000000708400000|  0%| F|  |TAMS 0x0000000708200000| PB 0x0000000708200000| Untracked 
|  37|0x0000000708400000, 0x0000000708400000, 0x0000000708600000|  0%| F|  |TAMS 0x0000000708400000| PB 0x0000000708400000| Untracked 
|  38|0x0000000708600000, 0x0000000708600000, 0x0000000708800000|  0%| F|  |TAMS 0x0000000708600000| PB 0x0000000708600000| Untracked 
|  39|0x0000000708800000, 0x0000000708800000, 0x0000000708a00000|  0%| F|  |TAMS 0x0000000708800000| PB 0x0000000708800000| Untracked 
|  40|0x0000000708a00000, 0x0000000708a00000, 0x0000000708c00000|  0%| F|  |TAMS 0x0000000708a00000| PB 0x0000000708a00000| Untracked 
|  41|0x0000000708c00000, 0x0000000708c00000, 0x0000000708e00000|  0%| F|  |TAMS 0x0000000708c00000| PB 0x0000000708c00000| Untracked 
|  42|0x0000000708e00000, 0x0000000708e00000, 0x0000000709000000|  0%| F|  |TAMS 0x0000000708e00000| PB 0x0000000708e00000| Untracked 
|  43|0x0000000709000000, 0x0000000709000000, 0x0000000709200000|  0%| F|  |TAMS 0x0000000709000000| PB 0x0000000709000000| Untracked 
|  44|0x0000000709200000, 0x0000000709200000, 0x0000000709400000|  0%| F|  |TAMS 0x0000000709200000| PB 0x0000000709200000| Untracked 
|  45|0x0000000709400000, 0x0000000709400000, 0x0000000709600000|  0%| F|  |TAMS 0x0000000709400000| PB 0x0000000709400000| Untracked 
|  46|0x0000000709600000, 0x0000000709600000, 0x0000000709800000|  0%| F|  |TAMS 0x0000000709600000| PB 0x0000000709600000| Untracked 
|  47|0x0000000709800000, 0x0000000709800000, 0x0000000709a00000|  0%| F|  |TAMS 0x0000000709800000| PB 0x0000000709800000| Untracked 
|  48|0x0000000709a00000, 0x0000000709a00000, 0x0000000709c00000|  0%| F|  |TAMS 0x0000000709a00000| PB 0x0000000709a00000| Untracked 
|  49|0x0000000709c00000, 0x0000000709c00000, 0x0000000709e00000|  0%| F|  |TAMS 0x0000000709c00000| PB 0x0000000709c00000| Untracked 
|  50|0x0000000709e00000, 0x0000000709e00000, 0x000000070a000000|  0%| F|  |TAMS 0x0000000709e00000| PB 0x0000000709e00000| Untracked 
|  51|0x000000070a000000, 0x000000070a000000, 0x000000070a200000|  0%| F|  |TAMS 0x000000070a000000| PB 0x000000070a000000| Untracked 
|  52|0x000000070a200000, 0x000000070a200000, 0x000000070a400000|  0%| F|  |TAMS 0x000000070a200000| PB 0x000000070a200000| Untracked 
|  53|0x000000070a400000, 0x000000070a400000, 0x000000070a600000|  0%| F|  |TAMS 0x000000070a400000| PB 0x000000070a400000| Untracked 
|  54|0x000000070a600000, 0x000000070a600000, 0x000000070a800000|  0%| F|  |TAMS 0x000000070a600000| PB 0x000000070a600000| Untracked 
|  55|0x000000070a800000, 0x000000070a800000, 0x000000070aa00000|  0%| F|  |TAMS 0x000000070a800000| PB 0x000000070a800000| Untracked 
|  56|0x000000070aa00000, 0x000000070aa00000, 0x000000070ac00000|  0%| F|  |TAMS 0x000000070aa00000| PB 0x000000070aa00000| Untracked 
|  57|0x000000070ac00000, 0x000000070ac00000, 0x000000070ae00000|  0%| F|  |TAMS 0x000000070ac00000| PB 0x000000070ac00000| Untracked 
|  58|0x000000070ae00000, 0x000000070ae00000, 0x000000070b000000|  0%| F|  |TAMS 0x000000070ae00000| PB 0x000000070ae00000| Untracked 
|  59|0x000000070b000000, 0x000000070b000000, 0x000000070b200000|  0%| F|  |TAMS 0x000000070b000000| PB 0x000000070b000000| Untracked 
|  60|0x000000070b200000, 0x000000070b200000, 0x000000070b400000|  0%| F|  |TAMS 0x000000070b200000| PB 0x000000070b200000| Untracked 
|  61|0x000000070b400000, 0x000000070b400000, 0x000000070b600000|  0%| F|  |TAMS 0x000000070b400000| PB 0x000000070b400000| Untracked 
|  62|0x000000070b600000, 0x000000070b600000, 0x000000070b800000|  0%| F|  |TAMS 0x000000070b600000| PB 0x000000070b600000| Untracked 
|  63|0x000000070b800000, 0x000000070b800000, 0x000000070ba00000|  0%| F|  |TAMS 0x000000070b800000| PB 0x000000070b800000| Untracked 
|  64|0x000000070ba00000, 0x000000070ba00000, 0x000000070bc00000|  0%| F|  |TAMS 0x000000070ba00000| PB 0x000000070ba00000| Untracked 
|  65|0x000000070bc00000, 0x000000070bc00000, 0x000000070be00000|  0%| F|  |TAMS 0x000000070bc00000| PB 0x000000070bc00000| Untracked 
|  66|0x000000070be00000, 0x000000070be00000, 0x000000070c000000|  0%| F|  |TAMS 0x000000070be00000| PB 0x000000070be00000| Untracked 
|  67|0x000000070c000000, 0x000000070c000000, 0x000000070c200000|  0%| F|  |TAMS 0x000000070c000000| PB 0x000000070c000000| Untracked 
|  68|0x000000070c200000, 0x000000070c200000, 0x000000070c400000|  0%| F|  |TAMS 0x000000070c200000| PB 0x000000070c200000| Untracked 
|  69|0x000000070c400000, 0x000000070c400000, 0x000000070c600000|  0%| F|  |TAMS 0x000000070c400000| PB 0x000000070c400000| Untracked 
|  70|0x000000070c600000, 0x000000070c600000, 0x000000070c800000|  0%| F|  |TAMS 0x000000070c600000| PB 0x000000070c600000| Untracked 
|  71|0x000000070c800000, 0x000000070c800000, 0x000000070ca00000|  0%| F|  |TAMS 0x000000070c800000| PB 0x000000070c800000| Untracked 
|  72|0x000000070ca00000, 0x000000070ca00000, 0x000000070cc00000|  0%| F|  |TAMS 0x000000070ca00000| PB 0x000000070ca00000| Untracked 
|  73|0x000000070cc00000, 0x000000070cc00000, 0x000000070ce00000|  0%| F|  |TAMS 0x000000070cc00000| PB 0x000000070cc00000| Untracked 
|  74|0x000000070ce00000, 0x000000070ce00000, 0x000000070d000000|  0%| F|  |TAMS 0x000000070ce00000| PB 0x000000070ce00000| Untracked 
|  75|0x000000070d000000, 0x000000070d000000, 0x000000070d200000|  0%| F|  |TAMS 0x000000070d000000| PB 0x000000070d000000| Untracked 
|  76|0x000000070d200000, 0x000000070d200000, 0x000000070d400000|  0%| F|  |TAMS 0x000000070d200000| PB 0x000000070d200000| Untracked 
|  77|0x000000070d400000, 0x000000070d400000, 0x000000070d600000|  0%| F|  |TAMS 0x000000070d400000| PB 0x000000070d400000| Untracked 
|  78|0x000000070d600000, 0x000000070d600000, 0x000000070d800000|  0%| F|  |TAMS 0x000000070d600000| PB 0x000000070d600000| Untracked 
|  79|0x000000070d800000, 0x000000070d800000, 0x000000070da00000|  0%| F|  |TAMS 0x000000070d800000| PB 0x000000070d800000| Untracked 
|  80|0x000000070da00000, 0x000000070da00000, 0x000000070dc00000|  0%| F|  |TAMS 0x000000070da00000| PB 0x000000070da00000| Untracked 
|  81|0x000000070dc00000, 0x000000070dc00000, 0x000000070de00000|  0%| F|  |TAMS 0x000000070dc00000| PB 0x000000070dc00000| Untracked 
|  82|0x000000070de00000, 0x000000070de00000, 0x000000070e000000|  0%| F|  |TAMS 0x000000070de00000| PB 0x000000070de00000| Untracked 
|  83|0x000000070e000000, 0x000000070e000000, 0x000000070e200000|  0%| F|  |TAMS 0x000000070e000000| PB 0x000000070e000000| Untracked 
|  84|0x000000070e200000, 0x000000070e200000, 0x000000070e400000|  0%| F|  |TAMS 0x000000070e200000| PB 0x000000070e200000| Untracked 
|  85|0x000000070e400000, 0x000000070e400000, 0x000000070e600000|  0%| F|  |TAMS 0x000000070e400000| PB 0x000000070e400000| Untracked 
|  86|0x000000070e600000, 0x000000070e600000, 0x000000070e800000|  0%| F|  |TAMS 0x000000070e600000| PB 0x000000070e600000| Untracked 
|  87|0x000000070e800000, 0x000000070e800000, 0x000000070ea00000|  0%| F|  |TAMS 0x000000070e800000| PB 0x000000070e800000| Untracked 
|  88|0x000000070ea00000, 0x000000070ea00000, 0x000000070ec00000|  0%| F|  |TAMS 0x000000070ea00000| PB 0x000000070ea00000| Untracked 
|  89|0x000000070ec00000, 0x000000070ec00000, 0x000000070ee00000|  0%| F|  |TAMS 0x000000070ec00000| PB 0x000000070ec00000| Untracked 
|  90|0x000000070ee00000, 0x000000070ee00000, 0x000000070f000000|  0%| F|  |TAMS 0x000000070ee00000| PB 0x000000070ee00000| Untracked 
|  91|0x000000070f000000, 0x000000070f000000, 0x000000070f200000|  0%| F|  |TAMS 0x000000070f000000| PB 0x000000070f000000| Untracked 
|  92|0x000000070f200000, 0x000000070f200000, 0x000000070f400000|  0%| F|  |TAMS 0x000000070f200000| PB 0x000000070f200000| Untracked 
|  93|0x000000070f400000, 0x000000070f400000, 0x000000070f600000|  0%| F|  |TAMS 0x000000070f400000| PB 0x000000070f400000| Untracked 
|  94|0x000000070f600000, 0x000000070f600000, 0x000000070f800000|  0%| F|  |TAMS 0x000000070f600000| PB 0x000000070f600000| Untracked 
|  95|0x000000070f800000, 0x000000070f800000, 0x000000070fa00000|  0%| F|  |TAMS 0x000000070f800000| PB 0x000000070f800000| Untracked 
|  96|0x000000070fa00000, 0x000000070fa00000, 0x000000070fc00000|  0%| F|  |TAMS 0x000000070fa00000| PB 0x000000070fa00000| Untracked 
|  97|0x000000070fc00000, 0x000000070fc00000, 0x000000070fe00000|  0%| F|  |TAMS 0x000000070fc00000| PB 0x000000070fc00000| Untracked 
|  98|0x000000070fe00000, 0x000000070fe00000, 0x0000000710000000|  0%| F|  |TAMS 0x000000070fe00000| PB 0x000000070fe00000| Untracked 
|  99|0x0000000710000000, 0x0000000710000000, 0x0000000710200000|  0%| F|  |TAMS 0x0000000710000000| PB 0x0000000710000000| Untracked 
| 100|0x0000000710200000, 0x0000000710200000, 0x0000000710400000|  0%| F|  |TAMS 0x0000000710200000| PB 0x0000000710200000| Untracked 
| 101|0x0000000710400000, 0x0000000710400000, 0x0000000710600000|  0%| F|  |TAMS 0x0000000710400000| PB 0x0000000710400000| Untracked 
| 102|0x0000000710600000, 0x0000000710600000, 0x0000000710800000|  0%| F|  |TAMS 0x0000000710600000| PB 0x0000000710600000| Untracked 
| 103|0x0000000710800000, 0x0000000710800000, 0x0000000710a00000|  0%| F|  |TAMS 0x0000000710800000| PB 0x0000000710800000| Untracked 
| 104|0x0000000710a00000, 0x0000000710a00000, 0x0000000710c00000|  0%| F|  |TAMS 0x0000000710a00000| PB 0x0000000710a00000| Untracked 
| 105|0x0000000710c00000, 0x0000000710c00000, 0x0000000710e00000|  0%| F|  |TAMS 0x0000000710c00000| PB 0x0000000710c00000| Untracked 
| 106|0x0000000710e00000, 0x0000000710e00000, 0x0000000711000000|  0%| F|  |TAMS 0x0000000710e00000| PB 0x0000000710e00000| Untracked 
| 107|0x0000000711000000, 0x0000000711000000, 0x0000000711200000|  0%| F|  |TAMS 0x0000000711000000| PB 0x0000000711000000| Untracked 
| 108|0x0000000711200000, 0x0000000711200000, 0x0000000711400000|  0%| F|  |TAMS 0x0000000711200000| PB 0x0000000711200000| Untracked 
| 109|0x0000000711400000, 0x0000000711400000, 0x0000000711600000|  0%| F|  |TAMS 0x0000000711400000| PB 0x0000000711400000| Untracked 
| 110|0x0000000711600000, 0x0000000711600000, 0x0000000711800000|  0%| F|  |TAMS 0x0000000711600000| PB 0x0000000711600000| Untracked 
| 111|0x0000000711800000, 0x0000000711800000, 0x0000000711a00000|  0%| F|  |TAMS 0x0000000711800000| PB 0x0000000711800000| Untracked 
| 112|0x0000000711a00000, 0x0000000711a00000, 0x0000000711c00000|  0%| F|  |TAMS 0x0000000711a00000| PB 0x0000000711a00000| Untracked 
| 113|0x0000000711c00000, 0x0000000711c00000, 0x0000000711e00000|  0%| F|  |TAMS 0x0000000711c00000| PB 0x0000000711c00000| Untracked 
| 114|0x0000000711e00000, 0x0000000711e22010, 0x0000000712000000|  6%| S|CS|TAMS 0x0000000711e00000| PB 0x0000000711e00000| Complete 
| 115|0x0000000712000000, 0x0000000712200000, 0x0000000712200000|100%| S|CS|TAMS 0x0000000712000000| PB 0x0000000712000000| Complete 
| 116|0x0000000712200000, 0x0000000712200000, 0x0000000712400000|  0%| F|  |TAMS 0x0000000712200000| PB 0x0000000712200000| Untracked 
| 117|0x0000000712400000, 0x0000000712400000, 0x0000000712600000|  0%| F|  |TAMS 0x0000000712400000| PB 0x0000000712400000| Untracked 
| 118|0x0000000712600000, 0x0000000712600000, 0x0000000712800000|  0%| F|  |TAMS 0x0000000712600000| PB 0x0000000712600000| Untracked 
| 119|0x0000000712800000, 0x0000000712800000, 0x0000000712a00000|  0%| F|  |TAMS 0x0000000712800000| PB 0x0000000712800000| Untracked 
| 120|0x0000000712a00000, 0x0000000712a00000, 0x0000000712c00000|  0%| F|  |TAMS 0x0000000712a00000| PB 0x0000000712a00000| Untracked 
| 121|0x0000000712c00000, 0x0000000712c00000, 0x0000000712e00000|  0%| F|  |TAMS 0x0000000712c00000| PB 0x0000000712c00000| Untracked 
| 122|0x0000000712e00000, 0x0000000712e00000, 0x0000000713000000|  0%| F|  |TAMS 0x0000000712e00000| PB 0x0000000712e00000| Untracked 
| 123|0x0000000713000000, 0x0000000713000000, 0x0000000713200000|  0%| F|  |TAMS 0x0000000713000000| PB 0x0000000713000000| Untracked 
| 124|0x0000000713200000, 0x0000000713200000, 0x0000000713400000|  0%| F|  |TAMS 0x0000000713200000| PB 0x0000000713200000| Untracked 
| 125|0x0000000713400000, 0x0000000713400000, 0x0000000713600000|  0%| F|  |TAMS 0x0000000713400000| PB 0x0000000713400000| Untracked 
| 126|0x0000000713600000, 0x0000000713741938, 0x0000000713800000| 62%| E|  |TAMS 0x0000000713600000| PB 0x0000000713600000| Complete 

Card table byte_map: [0x0000016e4f950000,0x0000016e50140000] _byte_map_base: 0x0000016e4c133000

Marking Bits: (CMBitMap*) 0x0000016e35773e90
 Bits: [0x0000016e50140000, 0x0000016e54058000)

Polling page: 0x0000016e35af0000

Metaspace:

Usage:
  Non-class:      2.45 MB used.
      Class:    254.34 KB used.
       Both:      2.70 MB used.

Virtual space:
  Non-class space:       64.00 MB reserved,       2.50 MB (  4%) committed,  1 nodes.
      Class space:        1.00 GB reserved,     320.00 KB ( <1%) committed,  1 nodes.
             Both:        1.06 GB reserved,       2.81 MB ( <1%) committed. 

Chunk freelists:
   Non-Class:  11.88 MB
       Class:  15.70 MB
        Both:  27.58 MB

MaxMetaspaceSize: unlimited
CompressedClassSpaceSize: 1.00 GB
Initial GC threshold: 21.00 MB
Current GC threshold: 21.00 MB
CDS: on
 - commit_granule_bytes: 65536.
 - commit_granule_words: 8192.
 - virtual_space_node_default_size: 8388608.
 - enlarge_chunks_in_place: 1.
 - use_allocation_guard: 0.


Internal statistics:

num_allocs_failed_limit: 0.
num_arena_births: 90.
num_arena_deaths: 0.
num_vsnodes_births: 2.
num_vsnodes_deaths: 0.
num_space_committed: 45.
num_space_uncommitted: 0.
num_chunks_returned_to_freelist: 0.
num_chunks_taken_from_freelist: 107.
num_chunk_merges: 0.
num_chunk_splits: 69.
num_chunks_enlarged: 32.
num_inconsistent_stats: 0.

CodeHeap 'non-profiled nmethods': size=120000Kb used=163Kb max_used=163Kb free=119837Kb
 bounds [0x0000016e471d0000, 0x0000016e47440000, 0x0000016e4e700000]
CodeHeap 'profiled nmethods': size=120000Kb used=565Kb max_used=565Kb free=119434Kb
 bounds [0x0000016e3f700000, 0x0000016e3f970000, 0x0000016e46c30000]
CodeHeap 'non-nmethods': size=5760Kb used=1589Kb max_used=1596Kb free=4170Kb
 bounds [0x0000016e46c30000, 0x0000016e46ea0000, 0x0000016e471d0000]
 total_blobs=921 nmethods=437 adapters=389
 compilation: enabled
              stopped_count=0, restarted_count=0
 full_count=0

Compilation events (20 events):
Event: 9252.340 Thread 0x0000016e56516860  425       3       java.lang.Thread::isVirtual (5 bytes)
Event: 9252.340 Thread 0x0000016e56516860 nmethod 425 0x0000016e3f788210 code [0x0000016e3f7883c0, 0x0000016e3f7885c8]
Event: 9644.547 Thread 0x0000016e56516860  426   !   3       java.lang.Object::wait (50 bytes)
Event: 9644.549 Thread 0x0000016e56516860 nmethod 426 0x0000016e3f788690 code [0x0000016e3f7888a0, 0x0000016e3f788e40]
Event: 9648.866 Thread 0x0000016e56516860  427       1       java.util.concurrent.locks.AbstractOwnableSynchronizer::getExclusiveOwnerThread (5 bytes)
Event: 9648.866 Thread 0x0000016e56516860 nmethod 427 0x0000016e471f7810 code [0x0000016e471f79a0, 0x0000016e471f7a70]
Event: 9648.866 Thread 0x0000016e56516860  428       1       java.util.concurrent.locks.AbstractQueuedSynchronizer::setState (6 bytes)
Event: 9648.867 Thread 0x0000016e56516860 nmethod 428 0x0000016e471f7b10 code [0x0000016e471f7ca0, 0x0000016e471f7d70]
Event: 9651.991 Thread 0x0000016e56516860  429       3       java.lang.invoke.MemberName::getInvocationType (56 bytes)
Event: 9651.992 Thread 0x0000016e56516860 nmethod 429 0x0000016e3f789110 code [0x0000016e3f789340, 0x0000016e3f789bc8]
Event: 9653.026 Thread 0x0000016e56516860  432       3       sun.awt.AWTAutoShutdown::getInstance (4 bytes)
Event: 9653.026 Thread 0x0000016e56516860 nmethod 432 0x0000016e3f789e90 code [0x0000016e3f78a020, 0x0000016e3f78a118]
Event: 9654.462 Thread 0x0000016e56516860  433   !   3       sun.awt.AWTAutoShutdown::setToolkitBusy (124 bytes)
Event: 9654.464 Thread 0x0000016e56516860 nmethod 433 0x0000016e3f78a190 code [0x0000016e3f78a3a0, 0x0000016e3f78a9c0]
Event: 9654.568 Thread 0x0000016e56516860  434       3       java.lang.invoke.MethodHandle::<init> (37 bytes)
Event: 9654.568 Thread 0x0000016e56516860 nmethod 434 0x0000016e3f78ad10 code [0x0000016e3f78af40, 0x0000016e3f78b4e0]
Event: 9654.568 Thread 0x0000016e56516860  435       3       java.lang.invoke.LambdaForm::prepare (108 bytes)
Event: 9654.569 Thread 0x0000016e56516860 nmethod 435 0x0000016e3f78b790 code [0x0000016e3f78b9e0, 0x0000016e3f78c1f8]
Event: 9654.585 Thread 0x0000016e56516860  436       3       java.util.concurrent.ConcurrentHashMap$Traverser::advance (188 bytes)
Event: 9654.586 Thread 0x0000016e56516860 nmethod 436 0x0000016e3f78c510 code [0x0000016e3f78c760, 0x0000016e3f78d2f8]

GC Heap History (2 events):
Event: 9648.818 GC heap before
{Heap before GC invocations=0 (full 0):
 garbage-first heap   total 260096K, used 22528K [0x0000000703a00000, 0x0000000800000000)
  region size 2048K, 11 young (22528K), 0 survivors (0K)
 Metaspace       used 2406K, committed 2496K, reserved 1114112K
  class space    used 214K, committed 256K, reserved 1048576K
}
Event: 9648.826 GC heap after
{Heap after GC invocations=1 (full 0):
 garbage-first heap   total 260096K, used 2184K [0x0000000703a00000, 0x0000000800000000)
  region size 2048K, 2 young (4096K), 2 survivors (4096K)
 Metaspace       used 2406K, committed 2496K, reserved 1114112K
  class space    used 214K, committed 256K, reserved 1048576K
}

Dll operation events (7 events):
Event: 0.013 Loaded shared library C:\Program Files\BlueJ\jdk\bin\java.dll
Event: 0.069 Loaded shared library C:\Program Files\BlueJ\jdk\bin\jsvml.dll
Event: 0.414 Loaded shared library C:\Program Files\BlueJ\jdk\bin\net.dll
Event: 0.416 Loaded shared library C:\Program Files\BlueJ\jdk\bin\nio.dll
Event: 0.434 Loaded shared library C:\Program Files\BlueJ\jdk\bin\zip.dll
Event: 0.522 Loaded shared library C:\Program Files\BlueJ\jdk\bin\jimage.dll
Event: 0.527 Loaded shared library C:\Program Files\BlueJ\jdk\bin\awt.dll

Deoptimization events (12 events):
Event: 0.511 Thread 0x0000016e355741b0 Uncommon trap: trap_request=0xffffff45 fr.pc=0x0000016e471dc078 relative=0x00000000000002b8
Event: 0.511 Thread 0x0000016e355741b0 Uncommon trap: reason=unstable_if action=reinterpret pc=0x0000016e471dc078 method=java.lang.StringLatin1.hashCode([B)I @ 2 c2
Event: 0.511 Thread 0x0000016e355741b0 DEOPT PACKING pc=0x0000016e471dc078 sp=0x0000002f740fa3e0
Event: 0.511 Thread 0x0000016e355741b0 DEOPT UNPACKING pc=0x0000016e46c87da2 sp=0x0000002f740fa318 mode 2
Event: 0.562 Thread 0x0000016e355741b0 Uncommon trap: trap_request=0xffffff45 fr.pc=0x0000016e471da7c8 relative=0x0000000000000928
Event: 0.562 Thread 0x0000016e355741b0 Uncommon trap: reason=unstable_if action=reinterpret pc=0x0000016e471da7c8 method=java.util.zip.ZipFile$Source.checkAndAddEntry(II)I @ 50 c2
Event: 0.562 Thread 0x0000016e355741b0 DEOPT PACKING pc=0x0000016e471da7c8 sp=0x0000002f740fd1e0
Event: 0.562 Thread 0x0000016e355741b0 DEOPT UNPACKING pc=0x0000016e46c87da2 sp=0x0000002f740fd170 mode 2
Event: 55.933 Thread 0x0000016e9c1bcfe0 DEOPT PACKING pc=0x0000016e3f71894f sp=0x0000002f75aff050
Event: 55.933 Thread 0x0000016e9c1bcfe0 DEOPT UNPACKING pc=0x0000016e46c888e2 sp=0x0000002f75afe470 mode 0
Event: 57.208 Thread 0x0000016e9c1bcfe0 DEOPT PACKING pc=0x0000016e3f7091c8 sp=0x0000002f75aff000
Event: 57.208 Thread 0x0000016e9c1bcfe0 DEOPT UNPACKING pc=0x0000016e46c888e2 sp=0x0000002f75afe468 mode 0

Classes loaded (20 events):
Event: 9654.560 Loading class sun/java2d/d3d/D3DContext$D3DContextCaps
Event: 9654.561 Loading class sun/java2d/pipe/hw/ContextCapabilities
Event: 9654.562 Loading class sun/java2d/pipe/hw/ContextCapabilities done
Event: 9654.562 Loading class sun/java2d/d3d/D3DContext$D3DContextCaps done
Event: 9654.588 Loading class sun/awt/Win32GraphicsConfig
Event: 9654.635 Loading class sun/awt/image/SurfaceManager$ProxiedGraphicsConfig
Event: 9654.645 Loading class sun/awt/image/SurfaceManager$ProxiedGraphicsConfig done
Event: 9654.646 Loading class java/awt/GraphicsConfiguration
Event: 9654.646 Loading class java/awt/GraphicsConfiguration done
Event: 9654.646 Loading class sun/awt/Win32GraphicsConfig done
Event: 9654.646 Loading class java/awt/Rectangle
Event: 9654.646 Loading class java/awt/Shape
Event: 9654.646 Loading class java/awt/Shape done
Event: 9654.647 Loading class java/awt/geom/Rectangle2D
Event: 9654.647 Loading class java/awt/geom/RectangularShape
Event: 9654.647 Loading class java/awt/geom/RectangularShape done
Event: 9654.647 Loading class java/awt/geom/Rectangle2D done
Event: 9654.647 Loading class java/awt/Rectangle done
Event: 9654.810 Loading class java/util/ArrayList$ListItr
Event: 9654.811 Loading class java/util/ArrayList$ListItr done

Classes unloaded (0 events):
No events

Classes redefined (0 events):
No events

Internal exceptions (3 events):
Event: 0.505 Thread 0x0000016e355741b0 Exception <a 'java/lang/ClassNotFoundException'{0x0000000713225288}: sun/awt/resources/spi/awtProvider> (0x0000000713225288) 
thrown [s\src\hotspot\share\classfile\systemDictionary.cpp, line 312]
Event: 0.543 Thread 0x0000016e355741b0 Exception <a 'java/io/FileNotFoundException'{0x00000007132884a0}> (0x00000007132884a0) 
thrown [s\src\hotspot\share\prims\jni.cpp, line 520]
Event: 0.550 Thread 0x0000016e355741b0 Exception <a 'java/io/FileNotFoundException'{0x00000007132b2dc8}> (0x00000007132b2dc8) 
thrown [s\src\hotspot\share\prims\jni.cpp, line 520]

ZGC Phase Switch (0 events):
No events

VM Operations (20 events):
Event: 9230.471 Executing VM operation: RendezvousGCThreads
Event: 9230.471 Executing VM operation: RendezvousGCThreads done
Event: 9247.597 Executing VM operation: Cleanup
Event: 9247.597 Executing VM operation: Cleanup done
Event: 9290.596 Executing VM operation: HandshakeAllThreads (HandshakeForDeflation)
Event: 9290.596 Executing VM operation: HandshakeAllThreads (HandshakeForDeflation) done
Event: 9290.596 Executing VM operation: RendezvousGCThreads
Event: 9290.596 Executing VM operation: RendezvousGCThreads done
Event: 9410.802 Executing VM operation: HandshakeAllThreads (HandshakeForDeflation)
Event: 9410.802 Executing VM operation: HandshakeAllThreads (HandshakeForDeflation) done
Event: 9410.802 Executing VM operation: RendezvousGCThreads
Event: 9410.802 Executing VM operation: RendezvousGCThreads done
Event: 9648.818 Executing VM operation: G1CollectForAllocation (G1 Evacuation Pause)
Event: 9648.865 Executing VM operation: G1CollectForAllocation (G1 Evacuation Pause) done
Event: 9651.191 Executing VM operation: HandshakeAllThreads (HandshakeForDeflation)
Event: 9651.191 Executing VM operation: HandshakeAllThreads (HandshakeForDeflation) done
Event: 9651.192 Executing VM operation: RendezvousGCThreads
Event: 9651.192 Executing VM operation: RendezvousGCThreads done
Event: 9652.192 Executing VM operation: Cleanup
Event: 9652.192 Executing VM operation: Cleanup done

Memory protections (0 events):
No events

Nmethod flushes (0 events):
No events

Events (20 events):
Event: 9252.340 Thread 0x0000016e9c198ca0 Thread added: 0x0000016e56f8b810
Event: 9253.423 Thread 0x0000016e56f8b810 Thread exited: 0x0000016e56f8b810
Event: 9346.949 Thread 0x0000016e9c198ca0 Thread added: 0x0000016e56f8b810
Event: 9347.958 Thread 0x0000016e56f8b810 Thread exited: 0x0000016e56f8b810
Event: 9348.304 Thread 0x0000016e9c198ca0 Thread added: 0x0000016e56f8b810
Event: 9349.315 Thread 0x0000016e56f8b810 Thread exited: 0x0000016e56f8b810
Event: 9349.489 Thread 0x0000016e9c198ca0 Thread added: 0x0000016e56f8b810
Event: 9350.816 Thread 0x0000016e56f8b810 Thread exited: 0x0000016e56f8b810
Event: 9357.551 Thread 0x0000016e9c198ca0 Thread added: 0x0000016e56f8b810
Event: 9358.568 Thread 0x0000016e56f8b810 Thread exited: 0x0000016e56f8b810
Event: 9643.275 Thread 0x0000016e9c198ca0 Thread added: 0x0000016e56f8b810
Event: 9645.562 Thread 0x0000016e56f8b810 Thread exited: 0x0000016e56f8b810
Event: 9647.433 Thread 0x0000016e9c198ca0 Thread added: 0x0000016e56f8b810
Event: 9648.866 Thread 0x0000016e56f8b810 Thread exited: 0x0000016e56f8b810
Event: 9651.748 Thread 0x0000016e9c198ca0 Thread added: 0x0000016e56f8b810
Event: 9651.999 Thread 0x0000016e9c198ca0 Thread added: 0x0000016e56be3e20
Event: 9653.026 Thread 0x0000016e56f8b810 Thread exited: 0x0000016e56f8b810
Event: 9653.026 Thread 0x0000016e56be3e20 Thread exited: 0x0000016e56be3e20
Event: 9654.043 Thread 0x0000016e9c198ca0 Thread added: 0x0000016e56be3e20
Event: 9654.256 Thread 0x0000016e9c198ca0 Thread added: 0x0000016e56bdb050


Dynamic libraries:
0x00007ff744a80000 - 0x00007ff744a8e000 	C:\Program Files\BlueJ\jdk\bin\java.exe
0x00007fff4aa00000 - 0x00007fff4ac67000 	C:\WINDOWS\SYSTEM32\ntdll.dll
0x00007fff4a4c0000 - 0x00007fff4a589000 	C:\WINDOWS\System32\KERNEL32.DLL
0x00007fff47b30000 - 0x00007fff47f20000 	C:\WINDOWS\System32\KERNELBASE.dll
0x00007fff482a0000 - 0x00007fff483eb000 	C:\WINDOWS\System32\ucrtbase.dll
0x00007fff32740000 - 0x00007fff3275e000 	C:\Program Files\BlueJ\jdk\bin\VCRUNTIME140.dll
0x00007fff31740000 - 0x00007fff31758000 	C:\Program Files\BlueJ\jdk\bin\jli.dll
0x00007fff4a050000 - 0x00007fff4a215000 	C:\WINDOWS\System32\USER32.dll
0x00007fff48480000 - 0x00007fff484a7000 	C:\WINDOWS\System32\win32u.dll
0x00007fff491b0000 - 0x00007fff491db000 	C:\WINDOWS\System32\GDI32.dll
0x00007fff48160000 - 0x00007fff48298000 	C:\WINDOWS\System32\gdi32full.dll
0x00007fff47f30000 - 0x00007fff47fd3000 	C:\WINDOWS\System32\msvcp_win.dll
0x00007fff2bb00000 - 0x00007fff2bd9a000 	C:\WINDOWS\WinSxS\amd64_microsoft.windows.common-controls_6595b64144ccf1df_6.0.26100.4768_none_3e0c112ce331287c\COMCTL32.dll
0x00007fff4a410000 - 0x00007fff4a4b9000 	C:\WINDOWS\System32\msvcrt.dll
0x00007fff4a690000 - 0x00007fff4a6bf000 	C:\WINDOWS\System32\IMM32.DLL
0x00007fff32a40000 - 0x00007fff32a4c000 	C:\Program Files\BlueJ\jdk\bin\vcruntime140_1.dll
0x00007fff0ca60000 - 0x00007fff0caed000 	C:\Program Files\BlueJ\jdk\bin\msvcp140.dll
0x00007ffe606c0000 - 0x00007ffe61450000 	C:\Program Files\BlueJ\jdk\bin\server\jvm.dll
0x00007fff48b20000 - 0x00007fff48bd4000 	C:\WINDOWS\System32\ADVAPI32.dll
0x00007fff49100000 - 0x00007fff491a6000 	C:\WINDOWS\System32\sechost.dll
0x00007fff48be0000 - 0x00007fff48cf8000 	C:\WINDOWS\System32\RPCRT4.dll
0x00007fff49080000 - 0x00007fff490f4000 	C:\WINDOWS\System32\WS2_32.dll
0x00007fff47990000 - 0x00007fff479ee000 	C:\WINDOWS\SYSTEM32\POWRPROF.dll
0x00007fff31d30000 - 0x00007fff31d65000 	C:\WINDOWS\SYSTEM32\WINMM.dll
0x00007fff3b800000 - 0x00007fff3b80b000 	C:\WINDOWS\SYSTEM32\VERSION.dll
0x00007fff47970000 - 0x00007fff47984000 	C:\WINDOWS\SYSTEM32\UMPDC.dll
0x00007fff468b0000 - 0x00007fff468cb000 	C:\WINDOWS\SYSTEM32\kernel.appcore.dll
0x00007fff32790000 - 0x00007fff3279a000 	C:\Program Files\BlueJ\jdk\bin\jimage.dll
0x00007fff45490000 - 0x00007fff456d1000 	C:\WINDOWS\SYSTEM32\DBGHELP.DLL
0x00007fff48790000 - 0x00007fff48b15000 	C:\WINDOWS\System32\combase.dll
0x00007fff48e70000 - 0x00007fff48f50000 	C:\WINDOWS\System32\OLEAUT32.dll
0x00007fff0c610000 - 0x00007fff0c653000 	C:\WINDOWS\SYSTEM32\dbgcore.DLL
0x00007fff484b0000 - 0x00007fff48549000 	C:\WINDOWS\System32\bcryptPrimitives.dll
0x00007fff0d2c0000 - 0x00007fff0d2fc000 	C:\Program Files\BlueJ\jdk\bin\jdwp.dll
0x00007fff2d780000 - 0x00007fff2d79f000 	C:\Program Files\BlueJ\jdk\bin\java.dll
0x00007fff49290000 - 0x00007fff499dd000 	C:\WINDOWS\System32\SHELL32.dll
0x00007fff47fe0000 - 0x00007fff48153000 	C:\WINDOWS\System32\wintypes.dll
0x00007fff45730000 - 0x00007fff45f90000 	C:\WINDOWS\SYSTEM32\windows.storage.dll
0x00007fff4a590000 - 0x00007fff4a685000 	C:\WINDOWS\System32\SHCORE.dll
0x00007fff48d00000 - 0x00007fff48d6a000 	C:\WINDOWS\System32\shlwapi.dll
0x00007fff47a50000 - 0x00007fff47a79000 	C:\WINDOWS\SYSTEM32\profapi.dll
0x00007ffefa5c0000 - 0x00007ffefa697000 	C:\Program Files\BlueJ\jdk\bin\jsvml.dll
0x00007fff22ca0000 - 0x00007fff22cab000 	C:\Program Files\BlueJ\jdk\bin\dt_shmem.dll
0x00007fff317a0000 - 0x00007fff317b0000 	C:\Program Files\BlueJ\jdk\bin\net.dll
0x00007fff3e8c0000 - 0x00007fff3e9de000 	C:\WINDOWS\SYSTEM32\WINHTTP.dll
0x00007fff46e40000 - 0x00007fff46eab000 	C:\WINDOWS\system32\mswsock.dll
0x00007fff2d760000 - 0x00007fff2d776000 	C:\Program Files\BlueJ\jdk\bin\nio.dll
0x00007fff2b680000 - 0x00007fff2b698000 	C:\Program Files\BlueJ\jdk\bin\zip.dll
0x00007ffe6bc50000 - 0x00007ffe6bdde000 	C:\Program Files\BlueJ\jdk\bin\awt.dll
0x00007fff446f0000 - 0x00007fff4478e000 	C:\WINDOWS\SYSTEM32\apphelp.dll
0x00007fff44a40000 - 0x00007fff44aef000 	C:\WINDOWS\system32\uxtheme.dll
0x00007fff4a7f0000 - 0x00007fff4a951000 	C:\WINDOWS\System32\MSCTF.dll
0x00007fff49ea0000 - 0x00007fff4a040000 	C:\WINDOWS\System32\ole32.dll
0x00007fff44d00000 - 0x00007fff44d35000 	C:\WINDOWS\system32\DWMAPI.DLL
0x00007fff15e00000 - 0x00007fff15f18000 	C:\WINDOWS\system32\opengl32.dll
0x00007fff1ec30000 - 0x00007fff1ec5d000 	C:\WINDOWS\SYSTEM32\GLU32.dll
0x00007fff44b40000 - 0x00007fff44b8d000 	C:\WINDOWS\SYSTEM32\dxcore.dll

dbghelp: loaded successfully - version: 4.0.5 - missing functions: none
symbol engine: initialized successfully - sym options: 0x614 - pdb path: .;C:\Program Files\BlueJ\jdk\bin;C:\WINDOWS\SYSTEM32;C:\WINDOWS\WinSxS\amd64_microsoft.windows.common-controls_6595b64144ccf1df_6.0.26100.4768_none_3e0c112ce331287c;C:\Program Files\BlueJ\jdk\bin\server

VM Arguments:
jvm_args: -ea -agentlib:jdwp=transport=dt_shmem,address=javadebug -Dfile.encoding=UTF-8 
java_command: bluej.runtime.ExecServer UTF-8
java_class_path (initial): C:\Program Files\BlueJ\lib\bluejcore.jar;C:\Program Files\BlueJ\lib\javafx-base-23.0.2-win.jar;C:\Program Files\BlueJ\lib\javafx-controls-23.0.2-win.jar;C:\Program Files\BlueJ\lib\javafx-fxml-23.0.2-win.jar;C:\Program Files\BlueJ\lib\javafx-graphics-23.0.2-win.jar;C:\Program Files\BlueJ\lib\javafx-media-23.0.2-win.jar;C:\Program Files\BlueJ\lib\javafx-swing-23.0.2-win.jar;C:\Program Files\BlueJ\lib\javafx-web-23.0.2-win.jar;C:\Program Files\BlueJ\lib\junit-4.12.jar;C:\Program Files\BlueJ\lib\junit-jupiter-5.5.2.jar;C:\Program Files\BlueJ\lib\junit-jupiter-api-5.5.2.jar;C:\Program Files\BlueJ\lib\junit-jupiter-engine-5.5.2.jar;C:\Program Files\BlueJ\lib\junit-jupiter-params-5.5.2.jar;C:\Program Files\BlueJ\lib\junit-platform-commons-1.5.2.jar;C:\Program Files\BlueJ\lib\junit-platform-engine-1.5.2.jar;C:\Program Files\BlueJ\lib\junit-platform-launcher-1.5.2.jar;C:\Program Files\BlueJ\lib\junit-platform-suite-api-1.5.2.jar;C:\Program Files\BlueJ\lib\junit-vintage-engine-5.5.2.jar;C:\Program Files\BlueJ\lib\hamcrest-core-1.3.jar;C:\Program Files\BlueJ\lib\opentest4j-1.2.0.jar;C:\Program Files\BlueJ\lib\lang-stride.jar;C:\Program Files\BlueJ\lib\javafx\javafx.base.jar;C:\Program Files\BlueJ\lib\javafx\javafx.controls.jar;C:\Program Files\BlueJ\lib\javafx\javafx.fxml.jar;C:\Program Files\BlueJ\lib\javafx\javafx.graphics.jar;C:\Program Files\BlueJ\lib\javafx\javafx.media.jar;C:\Program Files\BlueJ\lib\javafx\javafx.properties.jar;C:\Program Files\BlueJ\lib\javafx\javafx.swing.jar;C:\Program Files\BlueJ\lib\javafx\javafx.web.jar
Launcher Type: SUN_STANDARD

[Global flags]
     intx CICompilerCount                          = 4                                         {product} {ergonomic}
     uint ConcGCThreads                            = 2                                         {product} {ergonomic}
     uint G1ConcRefinementThreads                  = 8                                         {product} {ergonomic}
   size_t G1HeapRegionSize                         = 2097152                                   {product} {ergonomic}
    uintx GCDrainStackTargetSize                   = 64                                        {product} {ergonomic}
   size_t InitialHeapSize                          = 266338304                                 {product} {ergonomic}
   size_t MarkStackSize                            = 4194304                                   {product} {ergonomic}
   size_t MaxHeapSize                              = 4234149888                                {product} {ergonomic}
   size_t MaxNewSize                               = 2539651072                                {product} {ergonomic}
   size_t MinHeapDeltaBytes                        = 2097152                                   {product} {ergonomic}
   size_t MinHeapSize                              = 8388608                                   {product} {ergonomic}
    uintx NonNMethodCodeHeapSize                   = 5839372                                {pd product} {ergonomic}
    uintx NonProfiledCodeHeapSize                  = 122909434                              {pd product} {ergonomic}
    uintx ProfiledCodeHeapSize                     = 122909434                              {pd product} {ergonomic}
    uintx ReservedCodeCacheSize                    = 251658240                              {pd product} {ergonomic}
     bool SegmentedCodeCache                       = true                                      {product} {ergonomic}
   size_t SoftMaxHeapSize                          = 4234149888                             {manageable} {ergonomic}
     bool UseCompressedOops                        = true                           {product lp64_product} {ergonomic}
     bool UseG1GC                                  = true                                      {product} {ergonomic}
     bool UseLargePagesIndividualAllocation        = false                                  {pd product} {ergonomic}

Logging:
Log output configuration:
 #0: stdout all=warning uptime,level,tags foldmultilines=false
 #1: stderr all=off uptime,level,tags foldmultilines=false

Environment Variables:
JAVA_HOME=C:\Program Files\Java\jdk-22
PATH=C:\Program Files\Common Files\Oracle\Java\javapath;C:\Python313\Scripts\;C:\Python313\;C:\mingw64\bin;C:\Program Files (x86)\Common Files\Oracle\Java\javapath;C:\Python311\Scripts\;C:\Python311\;C:\Program Files\Microsoft\jdk-11.0.16.101-hotspot\bin;C:\Program Files (x86)\Common Files\Intel\Shared Libraries\redist\intel64_win\compiler;C:\Program Files\PlasticSCM5\server;C:\Program Files\PlasticSCM5\client;C:\Program Files (x86)\Razer Chroma SDK\bin;C:\Program Files\Razer Chroma SDK\bin;C:\Program Files (x86)\Razer\ChromaBroadcast\bin;C:\Program Files\Razer\ChromaBroadcast\bin;C:\Windows\system32;C:\Windows;C:\Windows\System32\Wbem;C:\Windows\System32\WindowsPowerShell\v1.0\;C:\Windows\System32\OpenSSH\;C:\Program Files (x86)\NVIDIA Corporation\PhysX\Common;C:\Program Files\NVIDIA Corporation\NVIDIA NvDLISR;C:\Program Files\dotnet\;C:\Windows\system32\config\systemprofile\AppData\Local\Microsoft\WindowsApps;C:\Program Files\Microsoft SQL Server\150\Tools\Binn\;C:\Program Files\Microsoft SQL Server\Client SDK\ODBC\170\Tools\Binn\;C:\Program Files\Microsoft SQL Server\130\Tools\Binn\;C:\ProgramData\chocolatey\bin;C:\WINDOWS\system32;C:\WINDOWS;C:\WINDOWS\System32\Wbem;C:\WINDOWS\System32\WindowsPowerShell\v1.0\;C:\WINDOWS\System32\OpenSSH\;C:\Program Files\Git\cmd;C:\mingw64\bin;C:\Program Files\nodejs\;C:\Program Files\Java\jdk-22\bin;C:\Program Files\Common Files\Oracle\Java\javapath;C:\Python313\Scripts\;C:\Python313\;C:\mingw64\bin;C:\Program Files (x86)\Common Files\Oracle\Java\javapath;C:\Python311\Scripts\;C:\Python311\;C:\Program Files\Microsoft\jdk-11.0.16.101-hotspot\bin;C:\Program Files (x86)\Common Files\Intel\Shared Libraries\redist\intel64_win\compiler;C:\Program Files\PlasticSCM5\server;C:\Program Files\PlasticSCM5\client;C:\Program Files (x86)\Razer Chroma SDK\bin;C:\Program Files\Razer Chroma SDK\bin;C:\Program Files (x86)\Razer\ChromaBroadcast\bin;C:\Program Files\Razer\ChromaBroadcast\bin;C:\Windows\system32;C:\Windows;C:\Windows\System32\Wbem;C:\Windows\System32\WindowsPowerShell\v1.0\;C:\Windows\System32\OpenSSH\;C:\Program Files (x86)\NVIDIA Corporation\PhysX\Common;C:\Program Files\NVIDIA Corporation\NVIDIA NvDLISR;C:\Program Files\dotnet\;C:\Windows\system32\config\systemprofile\AppData\Local\Microsoft\WindowsApps;C:\Program Files\Microsoft SQL Server\150\Tools\Binn\;C:\Program Files\;C:\Users\desar\AppData\Local\Programs\Microsoft VS Code\bin
USERNAME=desar
OS=Windows_NT
PROCESSOR_IDENTIFIER=Intel64 Family 6 Model 140 Stepping 1, GenuineIntel
TMP=C:\Users\desar\AppData\Local\Temp
TEMP=C:\Users\desar\AppData\Local\Temp




Periodic native trim disabled

---------------  S Y S T E M  ---------------

OS:
 Windows 11 , 64 bit Build 26100 (10.0.26100.4768)
OS uptime: 4 days 0:08 hours

CPU: total 8 (initial active 8) (4 cores per cpu, 2 threads per core) family 6 model 140 stepping 1 microcode 0x6e, cx8, cmov, fxsr, ht, mmx, 3dnowpref, sse, sse2, sse3, ssse3, sse4.1, sse4.2, popcnt, lzcnt, tsc, tscinvbit, avx, avx2, aes, erms, clmul, bmi1, bmi2, adx, avx512f, avx512dq, avx512cd, avx512bw, avx512vl, sha, fma, vzeroupper, avx512_vpopcntdq, avx512_vpclmulqdq, avx512_vaes, avx512_vnni, clflush, clflushopt, clwb, avx512_vbmi2, avx512_vbmi, rdtscp, rdpid, fsrm, gfni, avx512_bitalg, f16c, pku, cet_ibt, cet_ss, avx512_ifma
Processor Information for processor 0
  Max Mhz: 2803, Current Mhz: 2803, Mhz Limit: 2803
Processor Information for processor 1
  Max Mhz: 2803, Current Mhz: 2803, Mhz Limit: 2803
Processor Information for processor 2
  Max Mhz: 2803, Current Mhz: 1001, Mhz Limit: 2803
Processor Information for processor 3
  Max Mhz: 2803, Current Mhz: 1001, Mhz Limit: 2803
Processor Information for processor 4
  Max Mhz: 2803, Current Mhz: 2803, Mhz Limit: 2803
Processor Information for processor 5
  Max Mhz: 2803, Current Mhz: 1001, Mhz Limit: 2803
Processor Information for processor 6
  Max Mhz: 2803, Current Mhz: 2803, Mhz Limit: 2803
Processor Information for processor 7
  Max Mhz: 2803, Current Mhz: 1001, Mhz Limit: 2803

Memory: 4k page, system-wide physical 16147M (4977M free)
TotalPageFile size 29459M (AvailPageFile size 14881M)
current process WorkingSet (physical memory assigned to process): 51M, peak: 52M
current process commit charge ("private bytes"): 343M, peak: 343M

vm_info: OpenJDK 64-Bit Server VM (21.0.6+7-LTS) for windows-amd64 JRE (21.0.6+7-LTS), built on 2025-01-21T00:00:00Z by "admin" with MS VC++ 17.7 (VS2022)

END.
